<?xml version="1.0" encoding="UTF-8"?>
<!-- Generated by org.testng.reporters.JUnitXMLReporter -->
<testsuite hostname="Lenovo_U41" ignored="6" name="Test" tests="10" failures="1" timestamp="2022-01-30T12:25:43 IST" time="233.011" errors="0">
  <testcase name="TC_001" time="7.799" classname="com.Test.VerifyLogin"/>
  <testcase name="TC_001" time="7.711" classname="com.Test.VerifyLogin"/>
  <testcase name="TC_001" time="7.068" classname="com.Test.VerifyLogin"/>
  <testcase name="TC_001" time="7.021" classname="com.Test.VerifyLogin"/>
  <testcase name="TC_MyInfo_005" time="9.202" classname="com.Test.VerifyPersonalDetails"/>
  <testcase name="TC_MyInfo_006" time="13.665" classname="com.Test.EditPersonalDetails"/>
  <testcase name="TC_MyInfo_007" time="9.756" classname="com.Test.NonEditabelPersonalDetails">
    <failure type="java.lang.AssertionError" message="expected [true] but found [false]">
      <![CDATA[java.lang.AssertionError: expected [true] but found [false]
at com.Test.NonEditabelPersonalDetails.TC_MyInfo_007(NonEditabelPersonalDetails.java:54)
at java.util.ArrayList.forEach(ArrayList.java:1257)
... Removed 31 stack frames]]>
    </failure>
  </testcase> <!-- TC_MyInfo_007 -->
  <testcase name="TC_MyInfo_008" time="20.626" classname="com.Test.AddPhotograph"/>
  <testcase name="TC_MyInfo_009" time="8.961" classname="com.Test.ContactDetails"/>
  <testcase name="TC_MyInfo_010" time="12.078" classname="com.Test.EditContactDetails"/>
  <testcase name="@BeforeSuite bs" time="0.0" classname="com.Utility.BaseClass">
    <ignored/>
  </testcase> <!-- @BeforeSuite bs -->
  <testcase name="@BeforeSuite bs" time="0.0" classname="com.Utility.BaseClass">
    <ignored/>
  </testcase> <!-- @BeforeSuite bs -->
  <testcase name="@BeforeSuite bs" time="0.0" classname="com.Utility.BaseClass">
    <ignored/>
  </testcase> <!-- @BeforeSuite bs -->
  <testcase name="@BeforeSuite bs" time="0.0" classname="com.Utility.BaseClass">
    <ignored/>
  </testcase> <!-- @BeforeSuite bs -->
  <testcase name="@BeforeSuite bs" time="0.0" classname="com.Utility.BaseClass">
    <ignored/>
  </testcase> <!-- @BeforeSuite bs -->
  <testcase name="@BeforeSuite bs" time="0.0" classname="com.Utility.BaseClass">
    <ignored/>
  </testcase> <!-- @BeforeSuite bs -->
</testsuite> <!-- Test -->
